This is pdfTeX, Version 3.14159265-2.6-1.40.21 (MiKTeX 2.9.7350 64-bit) (preloaded format=pdflatex 2020.3.23)  27 MAY 2021 01:22
entering extended mode
**c:/Users/Mikkel/Documents/PyCipio/report/report.tex
(c:/Users/Mikkel/Documents/PyCipio/report/report.tex
LaTeX2e <2020-02-02> patch level 5
L3 programming layer <2020-03-06> ("C:\Users\Mikkel\AppData\Local\Programs\MiKTeX 2.9\tex/latex/base\article.cls"
Document Class: article 2019/12/20 v1.4l Standard LaTeX document class
("C:\Users\Mikkel\AppData\Local\Programs\MiKTeX 2.9\tex/latex/base\size10.clo"
File: size10.clo 2019/12/20 v1.4l Standard LaTeX file (size option)
)
\c@part=\count167
\c@section=\count168
\c@subsection=\count169
\c@subsubsection=\count170
\c@paragraph=\count171
\c@subparagraph=\count172
\c@figure=\count173
\c@table=\count174
\abovecaptionskip=\skip47
\belowcaptionskip=\skip48
\bibindent=\dimen134
) ("C:\Users\Mikkel\AppData\Local\Programs\MiKTeX 2.9\tex/latex/base\inputenc.sty"
Package: inputenc 2018/08/11 v1.3c Input encoding file
\inpenc@prehook=\toks15
\inpenc@posthook=\toks16
) ("C:\Users\Mikkel\AppData\Local\Programs\MiKTeX 2.9\tex/generic/babel\babel.sty"
Package: babel 2020/02/28 3.41 The Babel package
 ("C:\Users\Mikkel\AppData\Local\Programs\MiKTeX 2.9\tex/generic/babel\switch.def"
File: switch.def 2020/02/28 3.41 Babel switching mechanism
)
*************************************
* Local config file bblopts.cfg used
*
("C:\Users\Mikkel\AppData\Local\Programs\MiKTeX 2.9\tex/latex/arabi\bblopts.cfg"
File: bblopts.cfg 2005/09/08 v0.1 add Arabic and Farsi to "declared" options of babel
) ("C:\Users\Mikkel\AppData\Local\Programs\MiKTeX 2.9\tex/latex/babel-english\english.ldf"
Language: english 2017/06/06 v3.3r English support from the babel system
 ("C:\Users\Mikkel\AppData\Local\Programs\MiKTeX 2.9\tex/generic/babel\babel.def"
File: babel.def 2020/02/28 3.41 Babel common definitions
\babel@savecnt=\count175
\U@D=\dimen135
 ("C:\Users\Mikkel\AppData\Local\Programs\MiKTeX 2.9\tex/generic/babel\txtbabel.def")
\bbl@readstream=\read2
\bbl@dirlevel=\count176
)
Package babel Info: \l@canadian = using hyphenrules for english
(babel)             (\language0) on input line 102.
Package babel Info: \l@australian = using hyphenrules for ukenglish
(babel)             (\language72) on input line 105.
Package babel Info: \l@newzealand = using hyphenrules for ukenglish
(babel)             (\language72) on input line 108.
)) ("C:\Users\Mikkel\AppData\Local\Programs\MiKTeX 2.9\tex/latex/apacite\apacite.sty"
Package: apacite 2013/07/21 v6.03 APA citation
\c@BibCnt=\count177
\bibleftmargin=\skip49
\bibindent=\skip50
\bibparsep=\skip51
\bibitemsep=\skip52
\biblabelsep=\skip53
) ("C:\Users\Mikkel\AppData\Local\Programs\MiKTeX 2.9\tex/latex/graphics\graphicx.sty"
Package: graphicx 2019/11/30 v1.2a Enhanced LaTeX Graphics (DPC,SPQR)
 ("C:\Users\Mikkel\AppData\Local\Programs\MiKTeX 2.9\tex/latex/graphics\keyval.sty"
Package: keyval 2014/10/28 v1.15 key=value parser (DPC)
\KV@toks@=\toks17
) ("C:\Users\Mikkel\AppData\Local\Programs\MiKTeX 2.9\tex/latex/graphics\graphics.sty"
Package: graphics 2019/11/30 v1.4a Standard LaTeX Graphics (DPC,SPQR)
 ("C:\Users\Mikkel\AppData\Local\Programs\MiKTeX 2.9\tex/latex/graphics\trig.sty"
Package: trig 2016/01/03 v1.10 sin cos tan (DPC)
) ("C:\Users\Mikkel\AppData\Local\Programs\MiKTeX 2.9\tex/latex/graphics-cfg\graphics.cfg"
File: graphics.cfg 2016/06/04 v1.11 sample graphics configuration
)
Package graphics Info: Driver file: pdftex.def on input line 105.
 ("C:\Users\Mikkel\AppData\Local\Programs\MiKTeX 2.9\tex/latex/graphics-def\pdftex.def"
File: pdftex.def 2018/01/08 v1.0l Graphics/color driver for pdftex
))
\Gin@req@height=\dimen136
\Gin@req@width=\dimen137
) ("C:\Users\Mikkel\AppData\Local\Programs\MiKTeX 2.9\tex/latex/psnfss\mathptmx.sty"
Package: mathptmx 2020/03/25 PSNFSS-v9.3 Times w/ Math, improved (SPQR, WaS) 
LaTeX Font Info:    Redeclaring symbol font `operators' on input line 28.
LaTeX Font Info:    Overwriting symbol font `operators' in version `normal'
(Font)                  OT1/cmr/m/n --> OT1/ztmcm/m/n on input line 28.
LaTeX Font Info:    Overwriting symbol font `operators' in version `bold'
(Font)                  OT1/cmr/bx/n --> OT1/ztmcm/m/n on input line 28.
LaTeX Font Info:    Redeclaring symbol font `letters' on input line 29.
LaTeX Font Info:    Overwriting symbol font `letters' in version `normal'
(Font)                  OML/cmm/m/it --> OML/ztmcm/m/it on input line 29.
LaTeX Font Info:    Overwriting symbol font `letters' in version `bold'
(Font)                  OML/cmm/b/it --> OML/ztmcm/m/it on input line 29.
LaTeX Font Info:    Redeclaring symbol font `symbols' on input line 30.
LaTeX Font Info:    Overwriting symbol font `symbols' in version `normal'
(Font)                  OMS/cmsy/m/n --> OMS/ztmcm/m/n on input line 30.
LaTeX Font Info:    Overwriting symbol font `symbols' in version `bold'
(Font)                  OMS/cmsy/b/n --> OMS/ztmcm/m/n on input line 30.
LaTeX Font Info:    Redeclaring symbol font `largesymbols' on input line 31.
LaTeX Font Info:    Overwriting symbol font `largesymbols' in version `normal'
(Font)                  OMX/cmex/m/n --> OMX/ztmcm/m/n on input line 31.
LaTeX Font Info:    Overwriting symbol font `largesymbols' in version `bold'
(Font)                  OMX/cmex/m/n --> OMX/ztmcm/m/n on input line 31.
\symbold=\mathgroup4
\symitalic=\mathgroup5
LaTeX Font Info:    Redeclaring math alphabet \mathbf on input line 34.
LaTeX Font Info:    Overwriting math alphabet `\mathbf' in version `normal'
(Font)                  OT1/cmr/bx/n --> OT1/ptm/bx/n on input line 34.
LaTeX Font Info:    Overwriting math alphabet `\mathbf' in version `bold'
(Font)                  OT1/cmr/bx/n --> OT1/ptm/bx/n on input line 34.
LaTeX Font Info:    Redeclaring math alphabet \mathit on input line 35.
LaTeX Font Info:    Overwriting math alphabet `\mathit' in version `normal'
(Font)                  OT1/cmr/m/it --> OT1/ptm/m/it on input line 35.
LaTeX Font Info:    Overwriting math alphabet `\mathit' in version `bold'
(Font)                  OT1/cmr/bx/it --> OT1/ptm/m/it on input line 35.
LaTeX Info: Redefining \hbar on input line 50.
) ("C:\Users\Mikkel\AppData\Local\Programs\MiKTeX 2.9\tex/latex/caption\caption.sty"
Package: caption 2020/01/03 v3.4h Customizing captions (AR)
 ("C:\Users\Mikkel\AppData\Local\Programs\MiKTeX 2.9\tex/latex/caption\caption3.sty"
Package: caption3 2020/01/03 v1.8h caption3 kernel (AR)
Package caption3 Info: TeX engine: e-TeX on input line 61.
\captionmargin=\dimen138
\captionmargin@=\dimen139
\captionwidth=\dimen140
\caption@tempdima=\dimen141
\caption@indent=\dimen142
\caption@parindent=\dimen143
\caption@hangindent=\dimen144
Package caption Info: Standard document class detected.
)
\c@caption@flags=\count178
\c@continuedfloat=\count179
) ("C:\Users\Mikkel\AppData\Local\Programs\MiKTeX 2.9\tex/latex/subfigure\subfigure.sty"
Package: subfigure 2002/07/30 v2.1.4 subfigure package
\subfigtopskip=\skip54
\subfigcapskip=\skip55
\subfigcaptopadj=\dimen145
\subfigbottomskip=\skip56
\subfigcapmargin=\dimen146
\subfiglabelskip=\skip57
\c@subfigure=\count180
\c@lofdepth=\count181
\c@subtable=\count182
\c@lotdepth=\count183

****************************************
* Local config file subfigure.cfg used *
****************************************
("C:\Users\Mikkel\AppData\Local\Programs\MiKTeX 2.9\tex/latex/subfigure\subfigure.cfg")
\subfig@top=\skip58
\subfig@bottom=\skip59
) ("C:\Users\Mikkel\AppData\Local\Programs\MiKTeX 2.9\tex/latex/float\float.sty"
Package: float 2001/11/08 v1.3d Float enhancements (AL)
\c@float@type=\count184
\float@exts=\toks18
\float@box=\box45
\@float@everytoks=\toks19
\@floatcapt=\box46
) ("C:\Users\Mikkel\AppData\Local\Programs\MiKTeX 2.9\tex/latex/fancyhdr\fancyhdr.sty"
Package: fancyhdr 2019/01/31 v3.10 Extensive control of page headers and footers
\f@nch@headwidth=\skip60
\f@nch@O@elh=\skip61
\f@nch@O@erh=\skip62
\f@nch@O@olh=\skip63
\f@nch@O@orh=\skip64
\f@nch@O@elf=\skip65
\f@nch@O@erf=\skip66
\f@nch@O@olf=\skip67
\f@nch@O@orf=\skip68
) ("C:\Users\Mikkel\AppData\Local\Programs\MiKTeX 2.9\tex/latex/listings\listings.sty"
\lst@mode=\count185
\lst@gtempboxa=\box47
\lst@token=\toks20
\lst@length=\count186
\lst@currlwidth=\dimen147
\lst@column=\count187
\lst@pos=\count188
\lst@lostspace=\dimen148
\lst@width=\dimen149
\lst@newlines=\count189
\lst@lineno=\count190
\lst@maxwidth=\dimen150
 ("C:\Users\Mikkel\AppData\Local\Programs\MiKTeX 2.9\tex/latex/listings\lstmisc.sty"
File: lstmisc.sty 2019/09/10 1.8c (Carsten Heinz)
\c@lstnumber=\count191
\lst@skipnumbers=\count192
\lst@framebox=\box48
) ("C:\Users\Mikkel\AppData\Local\Programs\MiKTeX 2.9\tex/latex/listings\listings.cfg"
File: listings.cfg 2019/09/10 1.8c listings configuration
))
Package: listings 2019/09/10 1.8c (Carsten Heinz)
 ("C:\Users\Mikkel\AppData\Local\Programs\MiKTeX 2.9\tex/latex/pythontex\pythontex.sty"
Package: pythontex 2019/09/22 v0.17 execute and typeset Python code and other languages
 ("C:\Users\Mikkel\AppData\Local\Programs\MiKTeX 2.9\tex/latex/fvextra\fvextra.sty"
Package: fvextra 2019/02/04 v1.4 fvextra - extensions and patches for fancyvrb
 ("C:\Users\Mikkel\AppData\Local\Programs\MiKTeX 2.9\tex/latex/base\ifthen.sty"
Package: ifthen 2014/09/29 v1.1c Standard LaTeX ifthen package (DPC)
) ("C:\Users\Mikkel\AppData\Local\Programs\MiKTeX 2.9\tex/latex/etoolbox\etoolbox.sty"
Package: etoolbox 2019/09/21 v2.5h e-TeX tools for LaTeX (JAW)
\etb@tempcnta=\count193
) ("C:\Users\Mikkel\AppData\Local\Programs\MiKTeX 2.9\tex/latex/fancyvrb\fancyvrb.sty"
Package: fancyvrb 2020/05/03 v3.6 verbatim text (tvz,hv)
\FV@CodeLineNo=\count194
\FV@InFile=\read3
\FV@TabBox=\box49
\c@FancyVerbLine=\count195
\FV@StepNumber=\count196
\FV@OutFile=\write3
) ("C:\Users\Mikkel\AppData\Local\Programs\MiKTeX 2.9\tex/latex/upquote\upquote.sty"
Package: upquote 2012/04/19 v1.3 upright-quote and grave-accent glyphs in verbatim
) ("C:\Users\Mikkel\AppData\Local\Programs\MiKTeX 2.9\tex/latex/lineno\lineno.sty"
Package: lineno 2005/11/02 line numbers on paragraphs v4.41
\linenopenalty=\count197
\output=\toks21
\linenoprevgraf=\count198
\linenumbersep=\dimen151
\linenumberwidth=\dimen152
\c@linenumber=\count199
\c@pagewiselinenumber=\count266
\c@LN@truepage=\count267
\c@internallinenumber=\count268
\c@internallinenumbers=\count269
\quotelinenumbersep=\dimen153
\bframerule=\dimen154
\bframesep=\dimen155
\bframebox=\box50
LaTeX Info: Redefining \\ on input line 3056.
)
\c@FV@TrueTabGroupLevel=\count270
\c@FV@TrueTabCounter=\count271
\FV@TabBox@Group=\box51
\FV@TmpLength=\skip69
\c@FV@HighlightLinesStart=\count272
\c@FV@HighlightLinesStop=\count273
\FV@LoopCount=\count274
\FV@NCharsBox=\box52
\FV@BreakIndent=\dimen156
\FV@BreakIndentNChars=\count275
\FV@BreakSymbolSepLeft=\dimen157
\FV@BreakSymbolSepLeftNChars=\count276
\FV@BreakSymbolSepRight=\dimen158
\FV@BreakSymbolSepRightNChars=\count277
\FV@BreakSymbolIndentLeft=\dimen159
\FV@BreakSymbolIndentLeftNChars=\count278
\FV@BreakSymbolIndentRight=\dimen160
\FV@BreakSymbolIndentRightNChars=\count279
\c@FancyVerbLineBreakLast=\count280
\FV@LineBox=\box53
\FV@LineIndentBox=\box54
\FV@LineWidth=\dimen161
) ("C:\Users\Mikkel\AppData\Local\Programs\MiKTeX 2.9\tex/latex/xstring\xstring.sty" ("C:\Users\Mikkel\AppData\Local\Programs\MiKTeX 2.9\tex/generic/xstring\xstring.tex"
\integerpart=\count281
\decimalpart=\count282
)
Package: xstring 2019/02/06 v1.83 String manipulations (CT)
) ("C:\Users\Mikkel\AppData\Local\Programs\MiKTeX 2.9\tex/latex/pgfopts\pgfopts.sty"
Package: pgfopts 2014/07/10 v2.1a LaTeX package options with pgfkeys
 ("C:\Users\Mikkel\AppData\Local\Programs\MiKTeX 2.9\tex/latex/pgf/utilities\pgfkeys.sty" ("C:\Users\Mikkel\AppData\Local\Programs\MiKTeX 2.9\tex/generic/pgf/utilities\pgfkeys.code.tex"
\pgfkeys@pathtoks=\toks22
\pgfkeys@temptoks=\toks23
 ("C:\Users\Mikkel\AppData\Local\Programs\MiKTeX 2.9\tex/generic/pgf/utilities\pgfkeysfiltered.code.tex"
\pgfkeys@tmptoks=\toks24
)))
\pgfopts@list@add@a@toks=\toks25
\pgfopts@list@add@b@toks=\toks26
) ("C:\Users\Mikkel\AppData\Local\Programs\MiKTeX 2.9\tex/latex/newfloat\newfloat.sty"
Package: newfloat 2019/09/02 v1.1l Defining new floating environments (AR)
) ("C:\Users\Mikkel\AppData\Local\Programs\MiKTeX 2.9\tex/latex/currfile\currfile.sty"
Package: currfile 2020/09/29 v0.7d Provides the file path elements of the current input file
 ("C:\Users\Mikkel\AppData\Local\Programs\MiKTeX 2.9\tex/latex/kvoptions\kvoptions.sty"
Package: kvoptions 2019/11/29 v3.13 Key value format for package options (HO)
 ("C:\Users\Mikkel\AppData\Local\Programs\MiKTeX 2.9\tex/generic/ltxcmds\ltxcmds.sty"
Package: ltxcmds 2019/12/15 v1.24 LaTeX kernel commands for general use (HO)
) ("C:\Users\Mikkel\AppData\Local\Programs\MiKTeX 2.9\tex/generic/kvsetkeys\kvsetkeys.sty"
Package: kvsetkeys 2019/12/15 v1.18 Key value parser (HO)
)) ("C:\Users\Mikkel\AppData\Local\Programs\MiKTeX 2.9\tex/latex/filehook\filehook.sty"
Package: filehook 2020/09/29 v0.8a Hooks for input files
 ("C:\Users\Mikkel\AppData\Local\Programs\MiKTeX 2.9\tex/latex/filehook\filehook-2019.sty"
Package: filehook-2019 2020/09/29 v0.8a Hooks for input files
))
\c@currfiledepth=\count283
)
\pytx@codefile=\write4
\openout4 = `report.pytxcode'.

\c@pytx@FancyVerbLineTemp=\count284
\c@pytx@py@default@default=\count285
\c@pytx@pycon@default@default=\count286
\c@pytx@sympy@default@default=\count287
\c@pytx@sympycon@default@default=\count288
\c@pytx@pylab@default@default=\count289
\c@pytx@pylabcon@default@default=\count290
) ("C:\Users\Mikkel\AppData\Local\Programs\MiKTeX 2.9\tex/latex/listings\lstlang1.sty"
File: lstlang1.sty 2019/09/10 1.8c listings language file
) ("C:\Users\Mikkel\AppData\Local\Programs\MiKTeX 2.9\tex/latex/xcolor\xcolor.sty"
Package: xcolor 2016/05/11 v2.12 LaTeX color extensions (UK)
 ("C:\Users\Mikkel\AppData\Local\Programs\MiKTeX 2.9\tex/latex/graphics-cfg\color.cfg"
File: color.cfg 2016/01/02 v1.6 sample color configuration
)
Package xcolor Info: Driver file: pdftex.def on input line 225.
Package xcolor Info: Model `cmy' substituted by `cmy0' on input line 1348.
Package xcolor Info: Model `hsb' substituted by `rgb' on input line 1352.
Package xcolor Info: Model `RGB' extended on input line 1364.
Package xcolor Info: Model `HTML' substituted by `rgb' on input line 1366.
Package xcolor Info: Model `Hsb' substituted by `hsb' on input line 1367.
Package xcolor Info: Model `tHsb' substituted by `hsb' on input line 1368.
Package xcolor Info: Model `HSB' substituted by `hsb' on input line 1369.
Package xcolor Info: Model `Gray' substituted by `gray' on input line 1370.
Package xcolor Info: Model `wave' substituted by `hsb' on input line 1371.
) ("C:\Users\Mikkel\AppData\Local\Programs\MiKTeX 2.9\tex/latex/l3backend\l3backend-pdfmode.def"
File: l3backend-pdfmode.def 2020-03-12 L3 backend support: PDF mode
\l__kernel_color_stack_int=\count291
\l__pdf_internal_box=\box55
) (c:/Users\Mikkel\Documents\PyCipio\report\report.aux

LaTeX Warning: Label `fig:supfigure1' multiply defined.


LaTeX Warning: Label `sub@fig:supfigure1' multiply defined.


LaTeX Warning: Label `fig:supfigure2' multiply defined.


LaTeX Warning: Label `sub@fig:supfigure2' multiply defined.


LaTeX Warning: Label `fig:supfigure3' multiply defined.


LaTeX Warning: Label `sub@fig:supfigure3' multiply defined.


LaTeX Warning: Label `fig:supfigure1' multiply defined.


LaTeX Warning: Label `sub@fig:supfigure1' multiply defined.


LaTeX Warning: Label `fig:supfigure2' multiply defined.


LaTeX Warning: Label `sub@fig:supfigure2' multiply defined.


LaTeX Warning: Label `fig:supfigure3' multiply defined.


LaTeX Warning: Label `sub@fig:supfigure3' multiply defined.


LaTeX Warning: Label `fig:supfigure1' multiply defined.


LaTeX Warning: Label `sub@fig:supfigure1' multiply defined.


LaTeX Warning: Label `fig:supfigure2' multiply defined.


LaTeX Warning: Label `sub@fig:supfigure2' multiply defined.


LaTeX Warning: Label `fig:supfigure3' multiply defined.


LaTeX Warning: Label `sub@fig:supfigure3' multiply defined.


LaTeX Warning: Label `fig:supfigure1' multiply defined.


LaTeX Warning: Label `sub@fig:supfigure1' multiply defined.


LaTeX Warning: Label `fig:supfigure2' multiply defined.


LaTeX Warning: Label `sub@fig:supfigure2' multiply defined.


LaTeX Warning: Label `fig:supfigure3' multiply defined.


LaTeX Warning: Label `sub@fig:supfigure3' multiply defined.


LaTeX Warning: Label `fig:supfigure1' multiply defined.


LaTeX Warning: Label `sub@fig:supfigure1' multiply defined.


LaTeX Warning: Label `fig:supfigure2' multiply defined.


LaTeX Warning: Label `sub@fig:supfigure2' multiply defined.


LaTeX Warning: Label `fig:supfigure3' multiply defined.


LaTeX Warning: Label `sub@fig:supfigure3' multiply defined.


LaTeX Warning: Label `fig:supfigure1' multiply defined.


LaTeX Warning: Label `sub@fig:supfigure1' multiply defined.


LaTeX Warning: Label `fig:supfigure2' multiply defined.


LaTeX Warning: Label `sub@fig:supfigure2' multiply defined.


LaTeX Warning: Label `fig:supfigure3' multiply defined.


LaTeX Warning: Label `sub@fig:supfigure3' multiply defined.


LaTeX Warning: Label `fig:supfigure1' multiply defined.


LaTeX Warning: Label `sub@fig:supfigure1' multiply defined.


LaTeX Warning: Label `fig:supfigure2' multiply defined.


LaTeX Warning: Label `sub@fig:supfigure2' multiply defined.


LaTeX Warning: Label `fig:supfigure3' multiply defined.


LaTeX Warning: Label `sub@fig:supfigure3' multiply defined.


LaTeX Warning: Label `fig:supfigure1' multiply defined.


LaTeX Warning: Label `sub@fig:supfigure1' multiply defined.


LaTeX Warning: Label `fig:supfigure2' multiply defined.


LaTeX Warning: Label `sub@fig:supfigure2' multiply defined.

)
\openout1 = `report.aux'.

LaTeX Font Info:    Checking defaults for OML/cmm/m/it on input line 49.
LaTeX Font Info:    ... okay on input line 49.
LaTeX Font Info:    Checking defaults for OMS/cmsy/m/n on input line 49.
LaTeX Font Info:    ... okay on input line 49.
LaTeX Font Info:    Checking defaults for OT1/cmr/m/n on input line 49.
LaTeX Font Info:    ... okay on input line 49.
LaTeX Font Info:    Checking defaults for T1/cmr/m/n on input line 49.
LaTeX Font Info:    ... okay on input line 49.
LaTeX Font Info:    Checking defaults for TS1/cmr/m/n on input line 49.
LaTeX Font Info:    ... okay on input line 49.
LaTeX Font Info:    Checking defaults for OMX/cmex/m/n on input line 49.
LaTeX Font Info:    ... okay on input line 49.
LaTeX Font Info:    Checking defaults for U/cmr/m/n on input line 49.
LaTeX Font Info:    ... okay on input line 49.
LaTeX Font Info:    Trying to load font information for OT1+ptm on input line 49.
 ("C:\Users\Mikkel\AppData\Local\Programs\MiKTeX 2.9\tex/latex/psnfss\ot1ptm.fd"
File: ot1ptm.fd 2001/06/04 font definitions for OT1/ptm.
)
\c@maskedRefs=\count292
 ("C:\Users\Mikkel\AppData\Local\Programs\MiKTeX 2.9\tex/latex/apacite\english.apc"
File: english.apc 2013/07/21 v6.03 apacite language file
LaTeX Info: Redefining \BPBI on input line 129.
LaTeX Info: Redefining \BHBI on input line 130.
) ("C:\Users\Mikkel\AppData\Local\Programs\MiKTeX 2.9\tex/context/base/mkii\supp-pdf.mkii"
[Loading MPS to PDF converter (version 2006.09.02).]
\scratchcounter=\count293
\scratchdimen=\dimen162
\scratchbox=\box56
\nofMPsegments=\count294
\nofMParguments=\count295
\everyMPshowfont=\toks27
\MPscratchCnt=\count296
\MPscratchDim=\dimen163
\MPnumerator=\count297
\makeMPintoPDFobject=\count298
\everyMPtoPDFconversion=\toks28
) ("C:\Users\Mikkel\AppData\Local\Programs\MiKTeX 2.9\tex/latex/epstopdf-pkg\epstopdf-base.sty"
Package: epstopdf-base 2020-01-24 v2.11 Base part for package epstopdf
Package epstopdf-base Info: Redefining graphics rule for `.eps' on input line 485.
)
\big@size=\dimen164
Package caption Info: Begin \AtBeginDocument code.
Package caption Info: float package is loaded.
Package caption Info: listings package is loaded.
Package caption Info: subfigure package is loaded.
Package caption Info: End \AtBeginDocument code.
 ("C:\Users\Mikkel\AppData\Local\Programs\MiKTeX 2.9\tex/latex/base\textcomp.sty"
Package: textcomp 2020/02/02 v2.0n Standard LaTeX package
)
\c@lstlisting=\count299
Package newfloat Info: `float' package detected.

No file pythontex-files-report/report.pytxmcr.
Run PythonTeX to create it.
Package newfloat Info: New float `listing' with options `fileext=lopytx' on input line 49.
\c@listing=\count300
Package newfloat Info: float type `listing'=8 on input line 49.
\c@lopytxdepth=\count301
LaTeX Font Info:    Trying to load font information for OT1+ztmcm on input line 50.
("C:\Users\Mikkel\AppData\Local\Programs\MiKTeX 2.9\tex/latex/psnfss\ot1ztmcm.fd"
File: ot1ztmcm.fd 2000/01/03 Fontinst v1.801 font definitions for OT1/ztmcm.
)
LaTeX Font Info:    Trying to load font information for OML+ztmcm on input line 50.
 ("C:\Users\Mikkel\AppData\Local\Programs\MiKTeX 2.9\tex/latex/psnfss\omlztmcm.fd"
File: omlztmcm.fd 2000/01/03 Fontinst v1.801 font definitions for OML/ztmcm.
)
LaTeX Font Info:    Trying to load font information for OMS+ztmcm on input line 50.
 ("C:\Users\Mikkel\AppData\Local\Programs\MiKTeX 2.9\tex/latex/psnfss\omsztmcm.fd"
File: omsztmcm.fd 2000/01/03 Fontinst v1.801 font definitions for OMS/ztmcm.
)
LaTeX Font Info:    Trying to load font information for OMX+ztmcm on input line 50.
 ("C:\Users\Mikkel\AppData\Local\Programs\MiKTeX 2.9\tex/latex/psnfss\omxztmcm.fd"
File: omxztmcm.fd 2000/01/03 Fontinst v1.801 font definitions for OMX/ztmcm.
)
LaTeX Font Info:    Font shape `OT1/ptm/bx/n' in size <12> not available
(Font)              Font shape `OT1/ptm/b/n' tried instead on input line 50.
LaTeX Font Info:    Font shape `OT1/ptm/bx/n' in size <9> not available
(Font)              Font shape `OT1/ptm/b/n' tried instead on input line 50.
LaTeX Font Info:    Font shape `OT1/ptm/bx/n' in size <7> not available
(Font)              Font shape `OT1/ptm/b/n' tried instead on input line 50.
LaTeX Font Info:    Trying to load font information for TS1+ptm on input line 59.
 ("C:\Users\Mikkel\AppData\Local\Programs\MiKTeX 2.9\tex/latex/psnfss\ts1ptm.fd"
File: ts1ptm.fd 2001/06/04 font definitions for TS1/ptm.
)

Package Fancyhdr Warning: \headheight is too small (12.0pt): 
Make it at least 34.41992pt.
We now make it that large for the rest of the document.
This may cause the page layout to be inconsistent, however.

[1{C:/Users/Mikkel/AppData/Local/MiKTeX/2.9/pdftex/config/pdftex.map}

]
LaTeX Font Info:    Font shape `OT1/ptm/bx/n' in size <10> not available
(Font)              Font shape `OT1/ptm/b/n' tried instead on input line 81.
LaTeX Font Info:    Font shape `OT1/ptm/bx/n' in size <7.4> not available
(Font)              Font shape `OT1/ptm/b/n' tried instead on input line 81.
LaTeX Font Info:    Font shape `OT1/ptm/bx/n' in size <6> not available
(Font)              Font shape `OT1/ptm/b/n' tried instead on input line 81.
 [2]

LaTeX Warning: Command \textellipsis invalid in math mode on input line 103.

[3] [4]
<images/McElreath.png, id=23, 844.15375pt x 523.9575pt>
File: images/McElreath.png Graphic file (type png)
<use images/McElreath.png>
Package pdftex.def Info: images/McElreath.png  used on input line 134.
(pdftex.def)             Requested size: 422.07584pt x 261.9781pt.
 [5 <c:/Users/Mikkel/Documents/PyCipio/report/images/McElreath.png>]
<images/sklearn.jpeg, id=27, 310.761pt x 68.4156pt>
File: images/sklearn.jpeg Graphic file (type jpg)
<use images/sklearn.jpeg>
Package pdftex.def Info: images/sklearn.jpeg  used on input line 151.
(pdftex.def)             Requested size: 310.76024pt x 68.41542pt.
 [6 <c:/Users/Mikkel/Documents/PyCipio/report/images/sklearn.jpeg>] [7] [8] [9]
Overfull \hbox (2.53233pt too wide) in paragraph at lines 380--381
[][][][][][][][][][][][][][][][][][][][][][][][][][][][][][][][] 
 []

<images/Gelman.png, id=41, 544.0325pt x 555.07375pt>
File: images/Gelman.png Graphic file (type png)
<use images/Gelman.png>
Package pdftex.def Info: images/Gelman.png  used on input line 388.
(pdftex.def)             Requested size: 272.01558pt x 277.53618pt.
[10] [11 <c:/Users/Mikkel/Documents/PyCipio/report/images/Gelman.png>] [12] [13]
<../plots/ex1_plot_data.png, id=55, 1300.86pt x 722.7pt>
File: ../plots/ex1_plot_data.png Graphic file (type png)
<use ../plots/ex1_plot_data.png>
Package pdftex.def Info: ../plots/ex1_plot_data.png  used on input line 465.
(pdftex.def)             Requested size: 585.3816pt x 325.21199pt.
 [14]
<../plots/ex1_first_plot_trace.png, id=60, 1300.86pt x 1011.78pt>
File: ../plots/ex1_first_plot_trace.png Graphic file (type png)
<use ../plots/ex1_first_plot_trace.png>
Package pdftex.def Info: ../plots/ex1_first_plot_trace.png  used on input line 477.
(pdftex.def)             Requested size: 141.44318pt x 109.9993pt.
<../plots/ex1_second_plot_trace.png, id=61, 1300.86pt x 1011.78pt>
File: ../plots/ex1_second_plot_trace.png Graphic file (type png)
<use ../plots/ex1_second_plot_trace.png>
Package pdftex.def Info: ../plots/ex1_second_plot_trace.png  used on input line 481.
(pdftex.def)             Requested size: 141.44318pt x 109.9993pt.
<../plots/ex1_third_plot_trace.png, id=62, 1300.86pt x 1011.78pt>
File: ../plots/ex1_third_plot_trace.png Graphic file (type png)
<use ../plots/ex1_third_plot_trace.png>
Package pdftex.def Info: ../plots/ex1_third_plot_trace.png  used on input line 484.
(pdftex.def)             Requested size: 141.44318pt x 109.9993pt.
<../plots/ex1_first_plot_pp.png, id=63, 1300.86pt x 1011.78pt>
File: ../plots/ex1_first_plot_pp.png Graphic file (type png)
<use ../plots/ex1_first_plot_pp.png>
Package pdftex.def Info: ../plots/ex1_first_plot_pp.png  used on input line 495.
(pdftex.def)             Requested size: 141.44318pt x 109.9993pt.
<../plots/ex1_second_plot_pp.png, id=64, 1300.86pt x 1011.78pt>
File: ../plots/ex1_second_plot_pp.png Graphic file (type png)
<use ../plots/ex1_second_plot_pp.png>
Package pdftex.def Info: ../plots/ex1_second_plot_pp.png  used on input line 499.
(pdftex.def)             Requested size: 141.44318pt x 109.9993pt.
<../plots/ex1_third_plot_pp.png, id=65, 1300.86pt x 1011.78pt>
File: ../plots/ex1_third_plot_pp.png Graphic file (type png)
<use ../plots/ex1_third_plot_pp.png>
Package pdftex.def Info: ../plots/ex1_third_plot_pp.png  used on input line 502.
(pdftex.def)             Requested size: 141.44318pt x 109.9993pt.
 [15 <../plots/ex1_plot_data.png>]
<../plots/ex1_first_plot_fit_idx_all.png, id=70, 1300.86pt x 1011.78pt>
File: ../plots/ex1_first_plot_fit_idx_all.png Graphic file (type png)
<use ../plots/ex1_first_plot_fit_idx_all.png>
Package pdftex.def Info: ../plots/ex1_first_plot_fit_idx_all.png  used on input line 518.
(pdftex.def)             Requested size: 141.44318pt x 109.9993pt.
<../plots/ex1_second_plot_fit_idx_all.png, id=71, 1300.86pt x 1011.78pt>
File: ../plots/ex1_second_plot_fit_idx_all.png Graphic file (type png)
<use ../plots/ex1_second_plot_fit_idx_all.png>
Package pdftex.def Info: ../plots/ex1_second_plot_fit_idx_all.png  used on input line 522.
(pdftex.def)             Requested size: 141.44318pt x 109.9993pt.
<../plots/ex1_third_plot_fit_idx_all.png, id=72, 1300.86pt x 1011.78pt>
File: ../plots/ex1_third_plot_fit_idx_all.png Graphic file (type png)
<use ../plots/ex1_third_plot_fit_idx_all.png>
Package pdftex.def Info: ../plots/ex1_third_plot_fit_idx_all.png  used on input line 525.
(pdftex.def)             Requested size: 141.44318pt x 109.9993pt.
 [16 <../plots/ex1_first_plot_trace.png> <../plots/ex1_second_plot_trace.png> <../plots/ex1_third_plot_trace.png> <../plots/ex1_first_plot_pp.png> <../plots/ex1_second_plot_pp.png> <../plots/ex1_third_plot_pp.png> <../plots/ex1_first_plot_fit_idx_all.png> <../plots/ex1_second_plot_fit_idx_all.png> <../plots/ex1_third_plot_fit_idx_all.png>]
<../plots/ex1_first_plot_predict_idx_all.png, id=85, 1300.86pt x 1011.78pt>
File: ../plots/ex1_first_plot_predict_idx_all.png Graphic file (type png)
<use ../plots/ex1_first_plot_predict_idx_all.png>
Package pdftex.def Info: ../plots/ex1_first_plot_predict_idx_all.png  used on input line 536.
(pdftex.def)             Requested size: 212.16118pt x 165.00668pt.
<../plots/ex1_first_residual_plots_all.png, id=86, 1300.86pt x 1011.78pt>
File: ../plots/ex1_first_residual_plots_all.png Graphic file (type png)
<use ../plots/ex1_first_residual_plots_all.png>
Package pdftex.def Info: ../plots/ex1_first_residual_plots_all.png  used on input line 540.
(pdftex.def)             Requested size: 212.16118pt x 165.00668pt.
<../plots/ex1_first_get_errors.png, id=87, 702.625pt x 140.525pt>
File: ../plots/ex1_first_get_errors.png Graphic file (type png)
<use ../plots/ex1_first_get_errors.png>
Package pdftex.def Info: ../plots/ex1_first_get_errors.png  used on input line 543.
(pdftex.def)             Requested size: 353.60435pt x 70.72333pt.
<../plots/ex1_second_plot_predict_idx_all.png, id=88, 1300.86pt x 1011.78pt>
File: ../plots/ex1_second_plot_predict_idx_all.png Graphic file (type png)
<use ../plots/ex1_second_plot_predict_idx_all.png>
Package pdftex.def Info: ../plots/ex1_second_plot_predict_idx_all.png  used on input line 551.
(pdftex.def)             Requested size: 212.16118pt x 165.00668pt.
<../plots/ex1_second_residual_plots_all.png, id=89, 1300.86pt x 1011.78pt>
File: ../plots/ex1_second_residual_plots_all.png Graphic file (type png)
<use ../plots/ex1_second_residual_plots_all.png>
Package pdftex.def Info: ../plots/ex1_second_residual_plots_all.png  used on input line 555.
(pdftex.def)             Requested size: 212.16118pt x 165.00668pt.
<../plots/ex1_second_get_errors.png, id=90, 702.625pt x 140.525pt>
File: ../plots/ex1_second_get_errors.png Graphic file (type png)
<use ../plots/ex1_second_get_errors.png>
Package pdftex.def Info: ../plots/ex1_second_get_errors.png  used on input line 558.
(pdftex.def)             Requested size: 353.60435pt x 70.72333pt.
 [17 <../plots/ex1_first_plot_predict_idx_all.png> <../plots/ex1_first_residual_plots_all.png> <../plots/ex1_first_get_errors.png>]
<../plots/ex1_third_plot_predict_idx_all.png, id=97, 1300.86pt x 1011.78pt>
File: ../plots/ex1_third_plot_predict_idx_all.png Graphic file (type png)
<use ../plots/ex1_third_plot_predict_idx_all.png>
Package pdftex.def Info: ../plots/ex1_third_plot_predict_idx_all.png  used on input line 567.
(pdftex.def)             Requested size: 212.16118pt x 165.00668pt.
<../plots/ex1_third_residual_plots_all.png, id=98, 1300.86pt x 1011.78pt>
File: ../plots/ex1_third_residual_plots_all.png Graphic file (type png)
<use ../plots/ex1_third_residual_plots_all.png>
Package pdftex.def Info: ../plots/ex1_third_residual_plots_all.png  used on input line 571.
(pdftex.def)             Requested size: 212.16118pt x 165.00668pt.
<../plots/ex1_third_get_errors.png, id=99, 702.625pt x 140.525pt>
File: ../plots/ex1_third_get_errors.png Graphic file (type png)
<use ../plots/ex1_third_get_errors.png>
Package pdftex.def Info: ../plots/ex1_third_get_errors.png  used on input line 574.
(pdftex.def)             Requested size: 353.60435pt x 70.72333pt.
 [18 <../plots/ex1_second_plot_predict_idx_all.png> <../plots/ex1_second_residual_plots_all.png> <../plots/ex1_second_get_errors.png> <../plots/ex1_third_plot_predict_idx_all.png> <../plots/ex1_third_residual_plots_all.png> <../plots/ex1_third_get_errors.png>]
<../plots/ex2_plot_data.png, id=109, 1300.86pt x 722.7pt>
File: ../plots/ex2_plot_data.png Graphic file (type png)
<use ../plots/ex2_plot_data.png>
Package pdftex.def Info: ../plots/ex2_plot_data.png  used on input line 592.
(pdftex.def)             Requested size: 585.3816pt x 325.21199pt.
 [19]
<../plots/ex2_plot_predict_idx_full.png, id=114, 1300.86pt x 722.7pt>
File: ../plots/ex2_plot_predict_idx_full.png Graphic file (type png)
<use ../plots/ex2_plot_predict_idx_full.png>
Package pdftex.def Info: ../plots/ex2_plot_predict_idx_full.png  used on input line 602.
(pdftex.def)             Requested size: 353.60435pt x 196.44388pt.
<../plots/ex2_plot_residuals_full.png, id=115, 1300.86pt x 722.7pt>
File: ../plots/ex2_plot_residuals_full.png Graphic file (type png)
<use ../plots/ex2_plot_residuals_full.png>
Package pdftex.def Info: ../plots/ex2_plot_residuals_full.png  used on input line 606.
(pdftex.def)             Requested size: 353.60435pt x 196.44388pt.
<../plots/ex2_get_errors_full.png, id=116, 702.625pt x 110.4125pt>
File: ../plots/ex2_get_errors_full.png Graphic file (type png)
<use ../plots/ex2_get_errors_full.png>
Package pdftex.def Info: ../plots/ex2_get_errors_full.png  used on input line 609.
(pdftex.def)             Requested size: 353.60435pt x 55.56833pt.
 [20 <../plots/ex2_plot_data.png>] [21 <../plots/ex2_plot_predict_idx_full.png> <../plots/ex2_plot_residuals_full.png> <../plots/ex2_get_errors_full.png>]
<../plots/ex2_plot_predict_idx_crop.png, id=127, 1300.86pt x 722.7pt>
File: ../plots/ex2_plot_predict_idx_crop.png Graphic file (type png)
<use ../plots/ex2_plot_predict_idx_crop.png>
Package pdftex.def Info: ../plots/ex2_plot_predict_idx_crop.png  used on input line 623.
(pdftex.def)             Requested size: 353.60435pt x 196.44388pt.
<../plots/ex2_plot_residuals_crop.png, id=128, 1300.86pt x 722.7pt>
File: ../plots/ex2_plot_residuals_crop.png Graphic file (type png)
<use ../plots/ex2_plot_residuals_crop.png>
Package pdftex.def Info: ../plots/ex2_plot_residuals_crop.png  used on input line 627.
(pdftex.def)             Requested size: 353.60435pt x 196.44388pt.
<../plots/ex2_get_errors_crop.png, id=129, 702.625pt x 110.4125pt>
File: ../plots/ex2_get_errors_crop.png Graphic file (type png)
<use ../plots/ex2_get_errors_crop.png>
Package pdftex.def Info: ../plots/ex2_get_errors_crop.png  used on input line 630.
(pdftex.def)             Requested size: 353.60435pt x 55.56833pt.
 [22 <../plots/ex2_plot_predict_idx_crop.png> <../plots/ex2_plot_residuals_crop.png> <../plots/ex2_get_errors_crop.png>]
<../plots/ex3_raw_data.png, id=136, 1300.86pt x 722.7pt>
File: ../plots/ex3_raw_data.png Graphic file (type png)
<use ../plots/ex3_raw_data.png>
Package pdftex.def Info: ../plots/ex3_raw_data.png  used on input line 644.
(pdftex.def)             Requested size: 585.3816pt x 325.21199pt.
 [23]
<../plots/ex3_plot_fit_idx.png, id=140, 1300.86pt x 2023.56pt>
File: ../plots/ex3_plot_fit_idx.png Graphic file (type png)
<use ../plots/ex3_plot_fit_idx.png>
Package pdftex.def Info: ../plots/ex3_plot_fit_idx.png  used on input line 654.
(pdftex.def)             Requested size: 212.16118pt x 330.01337pt.
<../plots/ex3_plot_predict_idx.png, id=141, 1300.86pt x 2023.56pt>
File: ../plots/ex3_plot_predict_idx.png Graphic file (type png)
<use ../plots/ex3_plot_predict_idx.png>
Package pdftex.def Info: ../plots/ex3_plot_predict_idx.png  used on input line 658.
(pdftex.def)             Requested size: 212.16118pt x 330.01337pt.
 [24 <../plots/ex3_raw_data.png>] [25 <../plots/ex3_plot_fit_idx.png> <../plots/ex3_plot_predict_idx.png>] [26] [27] (c:/Users\Mikkel\Documents\PyCipio\report\report.bbl)

Package caption Warning: Unused \captionsetup[ContinuedFloat] on input line 9.
See the caption package documentation for explanation.

[28] (c:/Users\Mikkel\Documents\PyCipio\report\report.aux)

LaTeX Warning: There were multiply-defined labels.

 ) 
Here is how much of TeX's memory you used:
 9941 strings out of 480934
 169032 string characters out of 2899449
 623755 words of memory out of 3000000
 25617 multiletter control sequences out of 15000+200000
 568446 words of font info for 89 fonts, out of 3000000 for 9000
 1141 hyphenation exceptions out of 8191
 51i,12n,50p,1342b,1709s stack positions out of 5000i,500n,10000p,200000b,50000s
{C:/Users/Mikkel/AppData/Local/Programs/MiKTeX 2.9/fonts/enc/dvips/base/8r.enc}<C:/Users/Mikkel/AppData/Local/Programs/MiKTeX 2.9/fonts/type1/public/amsfonts/cm/cmex10.pfb><C:/Users/Mikkel/AppData/Local/Programs/MiKTeX 2.9/fonts/type1/public/amsfonts/cm/cmmi10.pfb><C:/Users/Mikkel/AppData/Local/Programs/MiKTeX 2.9/fonts/type1/public/amsfonts/cm/cmr10.pfb><C:/Users/Mikkel/AppData/Local/Programs/MiKTeX 2.9/fonts/type1/public/amsfonts/cm/cmsy10.pfb><C:/Users/Mikkel/AppData/Local/Programs/MiKTeX 2.9/fonts/type1/urw/symbol/usyr.pfb><C:/Users/Mikkel/AppData/Local/Programs/MiKTeX 2.9/fonts/type1/urw/symbol/usyr.pfb><C:/Users/Mikkel/AppData/Local/Programs/MiKTeX 2.9/fonts/type1/urw/times/utmb8a.pfb><C:/Users/Mikkel/AppData/Local/Programs/MiKTeX 2.9/fonts/type1/urw/times/utmr8a.pfb><C:/Users/Mikkel/AppData/Local/Programs/MiKTeX 2.9/fonts/type1/urw/times/utmri8a.pfb>
Output written on c:/Users\Mikkel\Documents\PyCipio\report\report.pdf (28 pages, 4336909 bytes).
PDF statistics:
 191 PDF objects out of 1000 (max. 8388607)
 0 named destinations out of 1000 (max. 500000)
 161 words of extra memory for PDF output out of 10000 (max. 10000000)

