This is pdfTeX, Version 3.14159265-2.6-1.40.21 (MiKTeX 2.9.7350 64-bit) (preloaded format=pdflatex 2020.3.23)  27 MAY 2021 11:38
entering extended mode
**c:/Users/Mikkel/Documents/PyCipio/report/report_hope.tex
(c:/Users/Mikkel/Documents/PyCipio/report/report_hope.tex
LaTeX2e <2020-02-02> patch level 5
L3 programming layer <2020-03-06> ("C:\Users\Mikkel\AppData\Local\Programs\MiKTeX 2.9\tex/latex/base\article.cls"
Document Class: article 2019/12/20 v1.4l Standard LaTeX document class
("C:\Users\Mikkel\AppData\Local\Programs\MiKTeX 2.9\tex/latex/base\size10.clo"
File: size10.clo 2019/12/20 v1.4l Standard LaTeX file (size option)
)
\c@part=\count167
\c@section=\count168
\c@subsection=\count169
\c@subsubsection=\count170
\c@paragraph=\count171
\c@subparagraph=\count172
\c@figure=\count173
\c@table=\count174
\abovecaptionskip=\skip47
\belowcaptionskip=\skip48
\bibindent=\dimen134
) ("C:\Users\Mikkel\AppData\Local\Programs\MiKTeX 2.9\tex/latex/base\inputenc.sty"
Package: inputenc 2018/08/11 v1.3c Input encoding file
\inpenc@prehook=\toks15
\inpenc@posthook=\toks16
) ("C:\Users\Mikkel\AppData\Local\Programs\MiKTeX 2.9\tex/generic/babel\babel.sty"
Package: babel 2020/02/28 3.41 The Babel package
 ("C:\Users\Mikkel\AppData\Local\Programs\MiKTeX 2.9\tex/generic/babel\switch.def"
File: switch.def 2020/02/28 3.41 Babel switching mechanism
)
*************************************
* Local config file bblopts.cfg used
*
("C:\Users\Mikkel\AppData\Local\Programs\MiKTeX 2.9\tex/latex/arabi\bblopts.cfg"
File: bblopts.cfg 2005/09/08 v0.1 add Arabic and Farsi to "declared" options of babel
) ("C:\Users\Mikkel\AppData\Local\Programs\MiKTeX 2.9\tex/latex/babel-english\english.ldf"
Language: english 2017/06/06 v3.3r English support from the babel system
 ("C:\Users\Mikkel\AppData\Local\Programs\MiKTeX 2.9\tex/generic/babel\babel.def"
File: babel.def 2020/02/28 3.41 Babel common definitions
\babel@savecnt=\count175
\U@D=\dimen135
 ("C:\Users\Mikkel\AppData\Local\Programs\MiKTeX 2.9\tex/generic/babel\txtbabel.def")
\bbl@readstream=\read2
\bbl@dirlevel=\count176
)
Package babel Info: \l@canadian = using hyphenrules for english
(babel)             (\language0) on input line 102.
Package babel Info: \l@australian = using hyphenrules for ukenglish
(babel)             (\language72) on input line 105.
Package babel Info: \l@newzealand = using hyphenrules for ukenglish
(babel)             (\language72) on input line 108.
)) ("C:\Users\Mikkel\AppData\Local\Programs\MiKTeX 2.9\tex/latex/apacite\apacite.sty"
Package: apacite 2013/07/21 v6.03 APA citation
\c@BibCnt=\count177
\bibleftmargin=\skip49
\bibindent=\skip50
\bibparsep=\skip51
\bibitemsep=\skip52
\biblabelsep=\skip53
) ("C:\Users\Mikkel\AppData\Local\Programs\MiKTeX 2.9\tex/latex/graphics\graphicx.sty"
Package: graphicx 2019/11/30 v1.2a Enhanced LaTeX Graphics (DPC,SPQR)
 ("C:\Users\Mikkel\AppData\Local\Programs\MiKTeX 2.9\tex/latex/graphics\keyval.sty"
Package: keyval 2014/10/28 v1.15 key=value parser (DPC)
\KV@toks@=\toks17
) ("C:\Users\Mikkel\AppData\Local\Programs\MiKTeX 2.9\tex/latex/graphics\graphics.sty"
Package: graphics 2019/11/30 v1.4a Standard LaTeX Graphics (DPC,SPQR)
 ("C:\Users\Mikkel\AppData\Local\Programs\MiKTeX 2.9\tex/latex/graphics\trig.sty"
Package: trig 2016/01/03 v1.10 sin cos tan (DPC)
) ("C:\Users\Mikkel\AppData\Local\Programs\MiKTeX 2.9\tex/latex/graphics-cfg\graphics.cfg"
File: graphics.cfg 2016/06/04 v1.11 sample graphics configuration
)
Package graphics Info: Driver file: pdftex.def on input line 105.
 ("C:\Users\Mikkel\AppData\Local\Programs\MiKTeX 2.9\tex/latex/graphics-def\pdftex.def"
File: pdftex.def 2018/01/08 v1.0l Graphics/color driver for pdftex
))
\Gin@req@height=\dimen136
\Gin@req@width=\dimen137
) ("C:\Users\Mikkel\AppData\Local\Programs\MiKTeX 2.9\tex/latex/psnfss\mathptmx.sty"
Package: mathptmx 2020/03/25 PSNFSS-v9.3 Times w/ Math, improved (SPQR, WaS) 
LaTeX Font Info:    Redeclaring symbol font `operators' on input line 28.
LaTeX Font Info:    Overwriting symbol font `operators' in version `normal'
(Font)                  OT1/cmr/m/n --> OT1/ztmcm/m/n on input line 28.
LaTeX Font Info:    Overwriting symbol font `operators' in version `bold'
(Font)                  OT1/cmr/bx/n --> OT1/ztmcm/m/n on input line 28.
LaTeX Font Info:    Redeclaring symbol font `letters' on input line 29.
LaTeX Font Info:    Overwriting symbol font `letters' in version `normal'
(Font)                  OML/cmm/m/it --> OML/ztmcm/m/it on input line 29.
LaTeX Font Info:    Overwriting symbol font `letters' in version `bold'
(Font)                  OML/cmm/b/it --> OML/ztmcm/m/it on input line 29.
LaTeX Font Info:    Redeclaring symbol font `symbols' on input line 30.
LaTeX Font Info:    Overwriting symbol font `symbols' in version `normal'
(Font)                  OMS/cmsy/m/n --> OMS/ztmcm/m/n on input line 30.
LaTeX Font Info:    Overwriting symbol font `symbols' in version `bold'
(Font)                  OMS/cmsy/b/n --> OMS/ztmcm/m/n on input line 30.
LaTeX Font Info:    Redeclaring symbol font `largesymbols' on input line 31.
LaTeX Font Info:    Overwriting symbol font `largesymbols' in version `normal'
(Font)                  OMX/cmex/m/n --> OMX/ztmcm/m/n on input line 31.
LaTeX Font Info:    Overwriting symbol font `largesymbols' in version `bold'
(Font)                  OMX/cmex/m/n --> OMX/ztmcm/m/n on input line 31.
\symbold=\mathgroup4
\symitalic=\mathgroup5
LaTeX Font Info:    Redeclaring math alphabet \mathbf on input line 34.
LaTeX Font Info:    Overwriting math alphabet `\mathbf' in version `normal'
(Font)                  OT1/cmr/bx/n --> OT1/ptm/bx/n on input line 34.
LaTeX Font Info:    Overwriting math alphabet `\mathbf' in version `bold'
(Font)                  OT1/cmr/bx/n --> OT1/ptm/bx/n on input line 34.
LaTeX Font Info:    Redeclaring math alphabet \mathit on input line 35.
LaTeX Font Info:    Overwriting math alphabet `\mathit' in version `normal'
(Font)                  OT1/cmr/m/it --> OT1/ptm/m/it on input line 35.
LaTeX Font Info:    Overwriting math alphabet `\mathit' in version `bold'
(Font)                  OT1/cmr/bx/it --> OT1/ptm/m/it on input line 35.
LaTeX Info: Redefining \hbar on input line 50.
) ("C:\Users\Mikkel\AppData\Local\Programs\MiKTeX 2.9\tex/latex/caption\caption.sty"
Package: caption 2020/01/03 v3.4h Customizing captions (AR)
 ("C:\Users\Mikkel\AppData\Local\Programs\MiKTeX 2.9\tex/latex/caption\caption3.sty"
Package: caption3 2020/01/03 v1.8h caption3 kernel (AR)
Package caption3 Info: TeX engine: e-TeX on input line 61.
\captionmargin=\dimen138
\captionmargin@=\dimen139
\captionwidth=\dimen140
\caption@tempdima=\dimen141
\caption@indent=\dimen142
\caption@parindent=\dimen143
\caption@hangindent=\dimen144
Package caption Info: Standard document class detected.
)
\c@caption@flags=\count178
\c@continuedfloat=\count179
) ("C:\Users\Mikkel\AppData\Local\Programs\MiKTeX 2.9\tex/latex/subfigure\subfigure.sty"
Package: subfigure 2002/07/30 v2.1.4 subfigure package
\subfigtopskip=\skip54
\subfigcapskip=\skip55
\subfigcaptopadj=\dimen145
\subfigbottomskip=\skip56
\subfigcapmargin=\dimen146
\subfiglabelskip=\skip57
\c@subfigure=\count180
\c@lofdepth=\count181
\c@subtable=\count182
\c@lotdepth=\count183

****************************************
* Local config file subfigure.cfg used *
****************************************
("C:\Users\Mikkel\AppData\Local\Programs\MiKTeX 2.9\tex/latex/subfigure\subfigure.cfg")
\subfig@top=\skip58
\subfig@bottom=\skip59
) ("C:\Users\Mikkel\AppData\Local\Programs\MiKTeX 2.9\tex/latex/float\float.sty"
Package: float 2001/11/08 v1.3d Float enhancements (AL)
\c@float@type=\count184
\float@exts=\toks18
\float@box=\box45
\@float@everytoks=\toks19
\@floatcapt=\box46
) ("C:\Users\Mikkel\AppData\Local\Programs\MiKTeX 2.9\tex/latex/fancyhdr\fancyhdr.sty"
Package: fancyhdr 2019/01/31 v3.10 Extensive control of page headers and footers
\f@nch@headwidth=\skip60
\f@nch@O@elh=\skip61
\f@nch@O@erh=\skip62
\f@nch@O@olh=\skip63
\f@nch@O@orh=\skip64
\f@nch@O@elf=\skip65
\f@nch@O@erf=\skip66
\f@nch@O@olf=\skip67
\f@nch@O@orf=\skip68
) ("C:\Users\Mikkel\AppData\Local\Programs\MiKTeX 2.9\tex/latex/listings\listings.sty"
\lst@mode=\count185
\lst@gtempboxa=\box47
\lst@token=\toks20
\lst@length=\count186
\lst@currlwidth=\dimen147
\lst@column=\count187
\lst@pos=\count188
\lst@lostspace=\dimen148
\lst@width=\dimen149
\lst@newlines=\count189
\lst@lineno=\count190
\lst@maxwidth=\dimen150
 ("C:\Users\Mikkel\AppData\Local\Programs\MiKTeX 2.9\tex/latex/listings\lstmisc.sty"
File: lstmisc.sty 2019/09/10 1.8c (Carsten Heinz)
\c@lstnumber=\count191
\lst@skipnumbers=\count192
\lst@framebox=\box48
) ("C:\Users\Mikkel\AppData\Local\Programs\MiKTeX 2.9\tex/latex/listings\listings.cfg"
File: listings.cfg 2019/09/10 1.8c listings configuration
))
Package: listings 2019/09/10 1.8c (Carsten Heinz)
 ("C:\Users\Mikkel\AppData\Local\Programs\MiKTeX 2.9\tex/latex/listings\lstlang1.sty"
File: lstlang1.sty 2019/09/10 1.8c listings language file
) ("C:\Users\Mikkel\AppData\Local\Programs\MiKTeX 2.9\tex/latex/l3backend\l3backend-pdfmode.def"
File: l3backend-pdfmode.def 2020-03-12 L3 backend support: PDF mode
\l__kernel_color_stack_int=\count193
\l__pdf_internal_box=\box49
) (c:/Users\Mikkel\Documents\PyCipio\report\report_hope.aux

LaTeX Warning: Label `fig:supfigure1' multiply defined.


LaTeX Warning: Label `sub@fig:supfigure1' multiply defined.


LaTeX Warning: Label `fig:supfigure2' multiply defined.


LaTeX Warning: Label `sub@fig:supfigure2' multiply defined.


LaTeX Warning: Label `fig:supfigure3' multiply defined.


LaTeX Warning: Label `sub@fig:supfigure3' multiply defined.


LaTeX Warning: Label `fig:supfigure1' multiply defined.


LaTeX Warning: Label `sub@fig:supfigure1' multiply defined.


LaTeX Warning: Label `fig:supfigure2' multiply defined.


LaTeX Warning: Label `sub@fig:supfigure2' multiply defined.


LaTeX Warning: Label `fig:supfigure3' multiply defined.


LaTeX Warning: Label `sub@fig:supfigure3' multiply defined.


LaTeX Warning: Label `fig:supfigure1' multiply defined.


LaTeX Warning: Label `sub@fig:supfigure1' multiply defined.


LaTeX Warning: Label `fig:supfigure2' multiply defined.


LaTeX Warning: Label `sub@fig:supfigure2' multiply defined.


LaTeX Warning: Label `fig:supfigure3' multiply defined.


LaTeX Warning: Label `sub@fig:supfigure3' multiply defined.


LaTeX Warning: Label `fig:supfigure1' multiply defined.


LaTeX Warning: Label `sub@fig:supfigure1' multiply defined.


LaTeX Warning: Label `fig:supfigure2' multiply defined.


LaTeX Warning: Label `sub@fig:supfigure2' multiply defined.


LaTeX Warning: Label `fig:supfigure3' multiply defined.


LaTeX Warning: Label `sub@fig:supfigure3' multiply defined.


LaTeX Warning: Label `fig:supfigure1' multiply defined.


LaTeX Warning: Label `sub@fig:supfigure1' multiply defined.


LaTeX Warning: Label `fig:supfigure2' multiply defined.


LaTeX Warning: Label `sub@fig:supfigure2' multiply defined.


LaTeX Warning: Label `fig:supfigure3' multiply defined.


LaTeX Warning: Label `sub@fig:supfigure3' multiply defined.


LaTeX Warning: Label `fig:supfigure1' multiply defined.


LaTeX Warning: Label `sub@fig:supfigure1' multiply defined.


LaTeX Warning: Label `fig:supfigure2' multiply defined.


LaTeX Warning: Label `sub@fig:supfigure2' multiply defined.


LaTeX Warning: Label `fig:supfigure3' multiply defined.


LaTeX Warning: Label `sub@fig:supfigure3' multiply defined.


LaTeX Warning: Label `fig:supfigure1' multiply defined.


LaTeX Warning: Label `sub@fig:supfigure1' multiply defined.


LaTeX Warning: Label `fig:supfigure2' multiply defined.


LaTeX Warning: Label `sub@fig:supfigure2' multiply defined.


LaTeX Warning: Label `fig:supfigure3' multiply defined.


LaTeX Warning: Label `sub@fig:supfigure3' multiply defined.


LaTeX Warning: Label `fig:supfigure1' multiply defined.


LaTeX Warning: Label `sub@fig:supfigure1' multiply defined.


LaTeX Warning: Label `fig:supfigure2' multiply defined.


LaTeX Warning: Label `sub@fig:supfigure2' multiply defined.

)
\openout1 = `report_hope.aux'.

LaTeX Font Info:    Checking defaults for OML/cmm/m/it on input line 48.
LaTeX Font Info:    ... okay on input line 48.
LaTeX Font Info:    Checking defaults for OMS/cmsy/m/n on input line 48.
LaTeX Font Info:    ... okay on input line 48.
LaTeX Font Info:    Checking defaults for OT1/cmr/m/n on input line 48.
LaTeX Font Info:    ... okay on input line 48.
LaTeX Font Info:    Checking defaults for T1/cmr/m/n on input line 48.
LaTeX Font Info:    ... okay on input line 48.
LaTeX Font Info:    Checking defaults for TS1/cmr/m/n on input line 48.
LaTeX Font Info:    ... okay on input line 48.
LaTeX Font Info:    Checking defaults for OMX/cmex/m/n on input line 48.
LaTeX Font Info:    ... okay on input line 48.
LaTeX Font Info:    Checking defaults for U/cmr/m/n on input line 48.
LaTeX Font Info:    ... okay on input line 48.
LaTeX Font Info:    Trying to load font information for OT1+ptm on input line 48.
 ("C:\Users\Mikkel\AppData\Local\Programs\MiKTeX 2.9\tex/latex/psnfss\ot1ptm.fd"
File: ot1ptm.fd 2001/06/04 font definitions for OT1/ptm.
)
\c@maskedRefs=\count194
 ("C:\Users\Mikkel\AppData\Local\Programs\MiKTeX 2.9\tex/latex/apacite\english.apc"
File: english.apc 2013/07/21 v6.03 apacite language file
LaTeX Info: Redefining \BPBI on input line 129.
LaTeX Info: Redefining \BHBI on input line 130.
) ("C:\Users\Mikkel\AppData\Local\Programs\MiKTeX 2.9\tex/context/base/mkii\supp-pdf.mkii"
[Loading MPS to PDF converter (version 2006.09.02).]
\scratchcounter=\count195
\scratchdimen=\dimen151
\scratchbox=\box50
\nofMPsegments=\count196
\nofMParguments=\count197
\everyMPshowfont=\toks21
\MPscratchCnt=\count198
\MPscratchDim=\dimen152
\MPnumerator=\count199
\makeMPintoPDFobject=\count266
\everyMPtoPDFconversion=\toks22
) ("C:\Users\Mikkel\AppData\Local\Programs\MiKTeX 2.9\tex/latex/epstopdf-pkg\epstopdf-base.sty"
Package: epstopdf-base 2020-01-24 v2.11 Base part for package epstopdf
Package epstopdf-base Info: Redefining graphics rule for `.eps' on input line 485.
)
\big@size=\dimen153
Package caption Info: Begin \AtBeginDocument code.
Package caption Info: float package is loaded.
Package caption Info: listings package is loaded.
Package caption Info: subfigure package is loaded.
Package caption Info: End \AtBeginDocument code.
\c@lstlisting=\count267
LaTeX Font Info:    Trying to load font information for OT1+ztmcm on input line 49.
 ("C:\Users\Mikkel\AppData\Local\Programs\MiKTeX 2.9\tex/latex/psnfss\ot1ztmcm.fd"
File: ot1ztmcm.fd 2000/01/03 Fontinst v1.801 font definitions for OT1/ztmcm.
)
LaTeX Font Info:    Trying to load font information for OML+ztmcm on input line 49.
 ("C:\Users\Mikkel\AppData\Local\Programs\MiKTeX 2.9\tex/latex/psnfss\omlztmcm.fd"
File: omlztmcm.fd 2000/01/03 Fontinst v1.801 font definitions for OML/ztmcm.
)
LaTeX Font Info:    Trying to load font information for OMS+ztmcm on input line 49.
 ("C:\Users\Mikkel\AppData\Local\Programs\MiKTeX 2.9\tex/latex/psnfss\omsztmcm.fd"
File: omsztmcm.fd 2000/01/03 Fontinst v1.801 font definitions for OMS/ztmcm.
)
LaTeX Font Info:    Trying to load font information for OMX+ztmcm on input line 49.
 ("C:\Users\Mikkel\AppData\Local\Programs\MiKTeX 2.9\tex/latex/psnfss\omxztmcm.fd"
File: omxztmcm.fd 2000/01/03 Fontinst v1.801 font definitions for OMX/ztmcm.
)
LaTeX Font Info:    Font shape `OT1/ptm/bx/n' in size <12> not available
(Font)              Font shape `OT1/ptm/b/n' tried instead on input line 49.
LaTeX Font Info:    Font shape `OT1/ptm/bx/n' in size <9> not available
(Font)              Font shape `OT1/ptm/b/n' tried instead on input line 49.
LaTeX Font Info:    Font shape `OT1/ptm/bx/n' in size <7> not available
(Font)              Font shape `OT1/ptm/b/n' tried instead on input line 49.
LaTeX Font Info:    Font shape `OT1/ptm/bx/n' in size <10> not available
(Font)              Font shape `OT1/ptm/b/n' tried instead on input line 55.
LaTeX Font Info:    Font shape `OT1/ptm/bx/n' in size <7.4> not available
(Font)              Font shape `OT1/ptm/b/n' tried instead on input line 55.
LaTeX Font Info:    Font shape `OT1/ptm/bx/n' in size <6> not available
(Font)              Font shape `OT1/ptm/b/n' tried instead on input line 55.


Package Fancyhdr Warning: \headheight is too small (12.0pt): 
Make it at least 34.41992pt.
We now make it that large for the rest of the document.
This may cause the page layout to be inconsistent, however.

[1{C:/Users/Mikkel/AppData/Local/MiKTeX/2.9/pdftex/config/pdftex.map}

]
LaTeX Font Info:    Trying to load font information for TS1+ptm on input line 60.
 ("C:\Users\Mikkel\AppData\Local\Programs\MiKTeX 2.9\tex/latex/psnfss\ts1ptm.fd"
File: ts1ptm.fd 2001/06/04 font definitions for TS1/ptm.
) [2] [3]

LaTeX Warning: Command \textellipsis invalid in math mode on input line 103.

[4]
<images/McElreath.png, id=23, 844.15375pt x 523.9575pt>
File: images/McElreath.png Graphic file (type png)
<use images/McElreath.png>
Package pdftex.def Info: images/McElreath.png  used on input line 134.
(pdftex.def)             Requested size: 422.07584pt x 261.9781pt.
 [5]

LaTeX Warning: Citation `Rossum' undefined on input line 146.

[6 <c:/Users/Mikkel/Documents/PyCipio/report/images/McElreath.png>]

LaTeX Warning: Citation `Hao' undefined on input line 148.

<images/sklearn.jpeg, id=30, 310.761pt x 68.4156pt>
File: images/sklearn.jpeg Graphic file (type jpg)
<use images/sklearn.jpeg>
Package pdftex.def Info: images/sklearn.jpeg  used on input line 151.
(pdftex.def)             Requested size: 310.76024pt x 68.41542pt.
[7 <c:/Users/Mikkel/Documents/PyCipio/report/images/sklearn.jpeg>] [8] [9] [10]
Overfull \hbox (2.53233pt too wide) in paragraph at lines 380--381
[][][][][][][][][][][][][][][][][][][][][][][][][][][][][][][][] 
 []

<images/Gelman.png, id=44, 544.0325pt x 555.07375pt>
File: images/Gelman.png Graphic file (type png)
<use images/Gelman.png>
Package pdftex.def Info: images/Gelman.png  used on input line 388.
(pdftex.def)             Requested size: 272.01558pt x 277.53618pt.
[11] [12 <c:/Users/Mikkel/Documents/PyCipio/report/images/Gelman.png>] [13] [14]
<../plots/ex1_plot_data.png, id=58, 1300.86pt x 722.7pt>
File: ../plots/ex1_plot_data.png Graphic file (type png)
<use ../plots/ex1_plot_data.png>
Package pdftex.def Info: ../plots/ex1_plot_data.png  used on input line 465.
(pdftex.def)             Requested size: 585.3816pt x 325.21199pt.
 [15]
<../plots/ex1_first_plot_trace.png, id=63, 1300.86pt x 1011.78pt>
File: ../plots/ex1_first_plot_trace.png Graphic file (type png)
<use ../plots/ex1_first_plot_trace.png>
Package pdftex.def Info: ../plots/ex1_first_plot_trace.png  used on input line 477.
(pdftex.def)             Requested size: 141.44318pt x 109.9993pt.
<../plots/ex1_second_plot_trace.png, id=64, 1300.86pt x 1011.78pt>
File: ../plots/ex1_second_plot_trace.png Graphic file (type png)
<use ../plots/ex1_second_plot_trace.png>
Package pdftex.def Info: ../plots/ex1_second_plot_trace.png  used on input line 481.
(pdftex.def)             Requested size: 141.44318pt x 109.9993pt.
<../plots/ex1_third_plot_trace.png, id=65, 1300.86pt x 1011.78pt>
File: ../plots/ex1_third_plot_trace.png Graphic file (type png)
<use ../plots/ex1_third_plot_trace.png>
Package pdftex.def Info: ../plots/ex1_third_plot_trace.png  used on input line 484.
(pdftex.def)             Requested size: 141.44318pt x 109.9993pt.
 [16 <../plots/ex1_plot_data.png>]
<../plots/ex1_first_plot_pp.png, id=70, 1300.86pt x 1011.78pt>
File: ../plots/ex1_first_plot_pp.png Graphic file (type png)
<use ../plots/ex1_first_plot_pp.png>
Package pdftex.def Info: ../plots/ex1_first_plot_pp.png  used on input line 495.
(pdftex.def)             Requested size: 141.44318pt x 109.9993pt.
<../plots/ex1_second_plot_pp.png, id=71, 1300.86pt x 1011.78pt>
File: ../plots/ex1_second_plot_pp.png Graphic file (type png)
<use ../plots/ex1_second_plot_pp.png>
Package pdftex.def Info: ../plots/ex1_second_plot_pp.png  used on input line 499.
(pdftex.def)             Requested size: 141.44318pt x 109.9993pt.
<../plots/ex1_third_plot_pp.png, id=72, 1300.86pt x 1011.78pt>
File: ../plots/ex1_third_plot_pp.png Graphic file (type png)
<use ../plots/ex1_third_plot_pp.png>
Package pdftex.def Info: ../plots/ex1_third_plot_pp.png  used on input line 502.
(pdftex.def)             Requested size: 141.44318pt x 109.9993pt.
<../plots/ex1_first_plot_fit_idx_all.png, id=73, 1300.86pt x 1011.78pt>
File: ../plots/ex1_first_plot_fit_idx_all.png Graphic file (type png)
<use ../plots/ex1_first_plot_fit_idx_all.png>
Package pdftex.def Info: ../plots/ex1_first_plot_fit_idx_all.png  used on input line 518.
(pdftex.def)             Requested size: 141.44318pt x 109.9993pt.
<../plots/ex1_second_plot_fit_idx_all.png, id=74, 1300.86pt x 1011.78pt>
File: ../plots/ex1_second_plot_fit_idx_all.png Graphic file (type png)
<use ../plots/ex1_second_plot_fit_idx_all.png>
Package pdftex.def Info: ../plots/ex1_second_plot_fit_idx_all.png  used on input line 522.
(pdftex.def)             Requested size: 141.44318pt x 109.9993pt.
<../plots/ex1_third_plot_fit_idx_all.png, id=75, 1300.86pt x 1011.78pt>
File: ../plots/ex1_third_plot_fit_idx_all.png Graphic file (type png)
<use ../plots/ex1_third_plot_fit_idx_all.png>
Package pdftex.def Info: ../plots/ex1_third_plot_fit_idx_all.png  used on input line 525.
(pdftex.def)             Requested size: 141.44318pt x 109.9993pt.
 [17 <../plots/ex1_first_plot_trace.png> <../plots/ex1_second_plot_trace.png> <../plots/ex1_third_plot_trace.png> <../plots/ex1_first_plot_pp.png> <../plots/ex1_second_plot_pp.png> <../plots/ex1_third_plot_pp.png>]
<../plots/ex1_first_plot_predict_idx_all.png, id=85, 1300.86pt x 1011.78pt>
File: ../plots/ex1_first_plot_predict_idx_all.png Graphic file (type png)
<use ../plots/ex1_first_plot_predict_idx_all.png>
Package pdftex.def Info: ../plots/ex1_first_plot_predict_idx_all.png  used on input line 536.
(pdftex.def)             Requested size: 212.16118pt x 165.00668pt.
<../plots/ex1_first_residual_plots_all.png, id=86, 1300.86pt x 1011.78pt>
File: ../plots/ex1_first_residual_plots_all.png Graphic file (type png)
<use ../plots/ex1_first_residual_plots_all.png>
Package pdftex.def Info: ../plots/ex1_first_residual_plots_all.png  used on input line 540.
(pdftex.def)             Requested size: 212.16118pt x 165.00668pt.
<../plots/ex1_first_get_errors.png, id=87, 702.625pt x 140.525pt>
File: ../plots/ex1_first_get_errors.png Graphic file (type png)
<use ../plots/ex1_first_get_errors.png>
Package pdftex.def Info: ../plots/ex1_first_get_errors.png  used on input line 543.
(pdftex.def)             Requested size: 353.60435pt x 70.72333pt.
<../plots/ex1_second_plot_predict_idx_all.png, id=88, 1300.86pt x 1011.78pt>
File: ../plots/ex1_second_plot_predict_idx_all.png Graphic file (type png)
<use ../plots/ex1_second_plot_predict_idx_all.png>
Package pdftex.def Info: ../plots/ex1_second_plot_predict_idx_all.png  used on input line 551.
(pdftex.def)             Requested size: 212.16118pt x 165.00668pt.
<../plots/ex1_second_residual_plots_all.png, id=89, 1300.86pt x 1011.78pt>
File: ../plots/ex1_second_residual_plots_all.png Graphic file (type png)
<use ../plots/ex1_second_residual_plots_all.png>
Package pdftex.def Info: ../plots/ex1_second_residual_plots_all.png  used on input line 555.
(pdftex.def)             Requested size: 212.16118pt x 165.00668pt.
<../plots/ex1_second_get_errors.png, id=90, 702.625pt x 140.525pt>
File: ../plots/ex1_second_get_errors.png Graphic file (type png)
<use ../plots/ex1_second_get_errors.png>
Package pdftex.def Info: ../plots/ex1_second_get_errors.png  used on input line 558.
(pdftex.def)             Requested size: 353.60435pt x 70.72333pt.
 [18 <../plots/ex1_first_plot_fit_idx_all.png> <../plots/ex1_second_plot_fit_idx_all.png> <../plots/ex1_third_plot_fit_idx_all.png> <../plots/ex1_first_plot_predict_idx_all.png> <../plots/ex1_first_residual_plots_all.png> <../plots/ex1_first_get_errors.png>]
<../plots/ex1_third_plot_predict_idx_all.png, id=100, 1300.86pt x 1011.78pt>
File: ../plots/ex1_third_plot_predict_idx_all.png Graphic file (type png)
<use ../plots/ex1_third_plot_predict_idx_all.png>
Package pdftex.def Info: ../plots/ex1_third_plot_predict_idx_all.png  used on input line 567.
(pdftex.def)             Requested size: 212.16118pt x 165.00668pt.
<../plots/ex1_third_residual_plots_all.png, id=101, 1300.86pt x 1011.78pt>
File: ../plots/ex1_third_residual_plots_all.png Graphic file (type png)
<use ../plots/ex1_third_residual_plots_all.png>
Package pdftex.def Info: ../plots/ex1_third_residual_plots_all.png  used on input line 571.
(pdftex.def)             Requested size: 212.16118pt x 165.00668pt.
<../plots/ex1_third_get_errors.png, id=102, 702.625pt x 140.525pt>
File: ../plots/ex1_third_get_errors.png Graphic file (type png)
<use ../plots/ex1_third_get_errors.png>
Package pdftex.def Info: ../plots/ex1_third_get_errors.png  used on input line 574.
(pdftex.def)             Requested size: 353.60435pt x 70.72333pt.
 [19 <../plots/ex1_second_plot_predict_idx_all.png> <../plots/ex1_second_residual_plots_all.png> <../plots/ex1_second_get_errors.png> <../plots/ex1_third_plot_predict_idx_all.png> <../plots/ex1_third_residual_plots_all.png> <../plots/ex1_third_get_errors.png>]
<../plots/ex2_plot_data.png, id=113, 1300.86pt x 722.7pt>
File: ../plots/ex2_plot_data.png Graphic file (type png)
<use ../plots/ex2_plot_data.png>
Package pdftex.def Info: ../plots/ex2_plot_data.png  used on input line 592.
(pdftex.def)             Requested size: 585.3816pt x 325.21199pt.
 [20]
<../plots/ex2_plot_predict_idx_full.png, id=117, 1300.86pt x 722.7pt>
File: ../plots/ex2_plot_predict_idx_full.png Graphic file (type png)
<use ../plots/ex2_plot_predict_idx_full.png>
Package pdftex.def Info: ../plots/ex2_plot_predict_idx_full.png  used on input line 602.
(pdftex.def)             Requested size: 353.60435pt x 196.44388pt.
<../plots/ex2_plot_residuals_full.png, id=118, 1300.86pt x 722.7pt>
File: ../plots/ex2_plot_residuals_full.png Graphic file (type png)
<use ../plots/ex2_plot_residuals_full.png>
Package pdftex.def Info: ../plots/ex2_plot_residuals_full.png  used on input line 606.
(pdftex.def)             Requested size: 353.60435pt x 196.44388pt.
<../plots/ex2_get_errors_full.png, id=119, 702.625pt x 110.4125pt>
File: ../plots/ex2_get_errors_full.png Graphic file (type png)
<use ../plots/ex2_get_errors_full.png>
Package pdftex.def Info: ../plots/ex2_get_errors_full.png  used on input line 609.
(pdftex.def)             Requested size: 353.60435pt x 55.56833pt.
 [21 <../plots/ex2_plot_data.png>] [22 <../plots/ex2_plot_predict_idx_full.png> <../plots/ex2_plot_residuals_full.png> <../plots/ex2_get_errors_full.png>]
<../plots/ex2_plot_predict_idx_crop.png, id=130, 1300.86pt x 722.7pt>
File: ../plots/ex2_plot_predict_idx_crop.png Graphic file (type png)
<use ../plots/ex2_plot_predict_idx_crop.png>
Package pdftex.def Info: ../plots/ex2_plot_predict_idx_crop.png  used on input line 623.
(pdftex.def)             Requested size: 353.60435pt x 196.44388pt.
<../plots/ex2_plot_residuals_crop.png, id=131, 1300.86pt x 722.7pt>
File: ../plots/ex2_plot_residuals_crop.png Graphic file (type png)
<use ../plots/ex2_plot_residuals_crop.png>
Package pdftex.def Info: ../plots/ex2_plot_residuals_crop.png  used on input line 627.
(pdftex.def)             Requested size: 353.60435pt x 196.44388pt.
<../plots/ex2_get_errors_crop.png, id=132, 702.625pt x 110.4125pt>
File: ../plots/ex2_get_errors_crop.png Graphic file (type png)
<use ../plots/ex2_get_errors_crop.png>
Package pdftex.def Info: ../plots/ex2_get_errors_crop.png  used on input line 630.
(pdftex.def)             Requested size: 353.60435pt x 55.56833pt.
 [23] [24 <../plots/ex2_plot_predict_idx_crop.png> <../plots/ex2_plot_residuals_crop.png> <../plots/ex2_get_errors_crop.png>]
<../plots/ex3_raw_data.png, id=142, 1300.86pt x 722.7pt>
File: ../plots/ex3_raw_data.png Graphic file (type png)
<use ../plots/ex3_raw_data.png>
Package pdftex.def Info: ../plots/ex3_raw_data.png  used on input line 644.
(pdftex.def)             Requested size: 585.3816pt x 325.21199pt.
 [25 <../plots/ex3_raw_data.png>]
<../plots/ex3_plot_fit_idx.png, id=148, 1300.86pt x 2023.56pt>
File: ../plots/ex3_plot_fit_idx.png Graphic file (type png)
<use ../plots/ex3_plot_fit_idx.png>
Package pdftex.def Info: ../plots/ex3_plot_fit_idx.png  used on input line 654.
(pdftex.def)             Requested size: 212.16118pt x 330.01337pt.
<../plots/ex3_plot_predict_idx.png, id=149, 1300.86pt x 2023.56pt>
File: ../plots/ex3_plot_predict_idx.png Graphic file (type png)
<use ../plots/ex3_plot_predict_idx.png>
Package pdftex.def Info: ../plots/ex3_plot_predict_idx.png  used on input line 658.
(pdftex.def)             Requested size: 212.16118pt x 330.01337pt.
 [26 <../plots/ex3_plot_fit_idx.png> <../plots/ex3_plot_predict_idx.png>] [27] [28]

LaTeX Warning: Citation `Fonnesbeck' undefined on input line 705.

[29] (c:/Users\Mikkel\Documents\PyCipio\report\report_hope.bbl
Overfull \hbox (52.2732pt too wide) in paragraph at lines 14--27
\OT1/cmtt/m/n/10 https://machinelearningmastery.com/train-test-split-for-evaluating-machine-learning-algorithms/
 []


Underfull \hbox (badness 10000) in paragraph at lines 14--27

 []


Underfull \hbox (badness 10000) in paragraph at lines 305--318
[]\OT1/ptm/m/n/10 Muehlhauser, L.  (2019, Oct).  \OT1/ptm/m/it/10 How fea-si-ble is long-range fore-cast-ing?  \OT1/ptm/m/n/10 Re-trieved from
 []

[30]
Underfull \hbox (badness 10000) in paragraph at lines 422--437
[]\OT1/ptm/m/n/10 Serafeim, L.  (2020, May).  Ev-ery-thing you need to know about
 []


Underfull \hbox (badness 10000) in paragraph at lines 422--437
\OT1/ptm/m/n/10 min-max nor-mal-iza-tion.  \OT1/ptm/m/it/10 To-wards Data Sci-ence\OT1/ptm/m/n/10 .  Re-trieved from
 []


Overfull \hbox (125.77255pt too wide) in paragraph at lines 422--437
\OT1/cmtt/m/n/10 https://towardsdatascience.com/everything-you-need-to-know-about-min-max-normalization-in-python-b79592732b79
 []


Underfull \hbox (badness 10000) in paragraph at lines 422--437

 []

)

Package caption Warning: Unused \captionsetup[ContinuedFloat] on input line 9.
See the caption package documentation for explanation.

[31] (c:/Users\Mikkel\Documents\PyCipio\report\report_hope.aux)

LaTeX Warning: There were undefined references.


LaTeX Warning: There were multiply-defined labels.

 ) 
Here is how much of TeX's memory you used:
 5920 strings out of 480934
 91980 string characters out of 2899449
 531575 words of memory out of 3000000
 21680 multiletter control sequences out of 15000+200000
 569036 words of font info for 92 fonts, out of 3000000 for 9000
 1141 hyphenation exceptions out of 8191
 41i,11n,45p,1361b,1697s stack positions out of 5000i,500n,10000p,200000b,50000s
{C:/Users/Mikkel/AppData/Local/Programs/MiKTeX 2.9/fonts/enc/dvips/base/8r.enc}<C:/Users/Mikkel/AppData/Local/Programs/MiKTeX 2.9/fonts/type1/public/amsfonts/cm/cmex10.pfb><C:/Users/Mikkel/AppData/Local/Programs/MiKTeX 2.9/fonts/type1/public/amsfonts/cm/cmmi10.pfb><C:/Users/Mikkel/AppData/Local/Programs/MiKTeX 2.9/fonts/type1/public/amsfonts/cm/cmr10.pfb><C:/Users/Mikkel/AppData/Local/Programs/MiKTeX 2.9/fonts/type1/public/amsfonts/cm/cmsy10.pfb><C:/Users/Mikkel/AppData/Local/Programs/MiKTeX 2.9/fonts/type1/public/amsfonts/cm/cmtt10.pfb><C:/Users/Mikkel/AppData/Local/Programs/MiKTeX 2.9/fonts/type1/urw/symbol/usyr.pfb><C:/Users/Mikkel/AppData/Local/Programs/MiKTeX 2.9/fonts/type1/urw/symbol/usyr.pfb><C:/Users/Mikkel/AppData/Local/Programs/MiKTeX 2.9/fonts/type1/urw/times/utmb8a.pfb><C:/Users/Mikkel/AppData/Local/Programs/MiKTeX 2.9/fonts/type1/urw/times/utmr8a.pfb><C:/Users/Mikkel/AppData/Local/Programs/MiKTeX 2.9/fonts/type1/urw/times/utmri8a.pfb>
Output written on c:/Users\Mikkel\Documents\PyCipio\report\report_hope.pdf (31 pages, 4366465 bytes).
PDF statistics:
 205 PDF objects out of 1000 (max. 8388607)
 0 named destinations out of 1000 (max. 500000)
 161 words of extra memory for PDF output out of 10000 (max. 10000000)

